<?xml version="1.0" encoding="UTF-8"?>
<testsuite xmlns:xsi="http://www.w3.org/2001/XMLSchema-instance" xsi:noNamespaceSchemaLocation="https://maven.apache.org/surefire/maven-surefire-plugin/xsd/surefire-test-report.xsd" version="3.0.2" name="com.upiiz.Ejercicio17_.Me.gusta.Ejercicio17MeGustaApplicationTests" time="6.089" tests="1" errors="0" skipped="0" failures="0">
  <properties>
[...]
</properties>
  <testcase name="contextLoads" classname="com.upiiz.Ejercicio17_.Me.gusta.Ejercicio17MeGustaApplicationTests" time="1.554">
    <system-out><![CDATA[06:43:16.365 [main] INFO org.springframework.test.context.support.AnnotationConfigContextLoaderUtils -- Could not detect default configuration classes for test class [com.upiiz.Ejercicio17_.Me.gusta.Ejercicio17MeGustaApplicationTests]: Ejercicio17MeGustaApplicationTests does not declare any static, non-private, non-final, nested classes annotated with @Configuration.
06:43:16.655 [main] INFO org.springframework.boot.test.context.SpringBootTestContextBootstrapper -- Found @SpringBootConfiguration com.upiiz.Ejercicio17_.Me.gusta.Ejercicio17MeGustaApplication for test class com.upiiz.Ejercicio17_.Me.gusta.Ejercicio17MeGustaApplicationTests
06:43:17.121 [main] INFO org.springframework.boot.devtools.restart.RestartApplicationListener -- Restart disabled due to context in which it is running

  .   ____          _            __ _ _
 /\\ / ___'_ __ _ _(_)_ __  __ _ \ \ \ \
( ( )\___ | '_ | '_| | '_ \/ _` | \ \ \ \
 \\/  ___)| |_)| | | | | || (_| |  ) ) ) )
  '  |____| .__|_| |_|_| |_\__, | / / / /
 =========|_|==============|___/=/_/_/_/

 :: Spring Boot ::                (v3.5.0)

2025-06-02T06:43:17.876-06:00  INFO 16600 --- [Ejercicio17-Me-gusta] [           main] E.M.g.Ejercicio17MeGustaApplicationTests : Starting Ejercicio17MeGustaApplicationTests using Java 21.0.5 with PID 16600 (started by jdmf_ in C:\Users\jdmf_\OneDrive\Documentos\TDAW\Ejercicio17-Me-gusta)
2025-06-02T06:43:17.879-06:00  INFO 16600 --- [Ejercicio17-Me-gusta] [           main] E.M.g.Ejercicio17MeGustaApplicationTests : No active profile set, falling back to 1 default profile: "default"
2025-06-02T06:43:19.851-06:00  INFO 16600 --- [Ejercicio17-Me-gusta] [           main] o.s.b.a.w.s.WelcomePageHandlerMapping    : Adding welcome page template: index
2025-06-02T06:43:20.492-06:00  INFO 16600 --- [Ejercicio17-Me-gusta] [           main] E.M.g.Ejercicio17MeGustaApplicationTests : Started Ejercicio17MeGustaApplicationTests in 3.399 seconds (process running for 5.797)
]]></system-out>
    <system-err><![CDATA[Mockito is currently self-attaching to enable the inline-mock-maker. This will no longer work in future releases of the JDK. Please add Mockito as an agent to your build as described in Mockito's documentation: https://javadoc.io/doc/org.mockito/mockito-core/latest/org.mockito/org/mockito/Mockito.html#0.3
WARNING: A Java agent has been loaded dynamically (C:\Users\jdmf_\.m2\repository\net\bytebuddy\byte-buddy-agent\1.17.5\byte-buddy-agent-1.17.5.jar)
WARNING: If a serviceability tool is in use, please run with -XX:+EnableDynamicAgentLoading to hide this warning
WARNING: If a serviceability tool is not in use, please run with -Djdk.instrument.traceUsage for more information
WARNING: Dynamic loading of agents will be disallowed by default in a future release
]]></system-err>
  </testcase>
</testsuite>