<?xml version="1.0" encoding="UTF-8"?>
<testsuite xmlns:xsi="http://www.w3.org/2001/XMLSchema-instance" xsi:noNamespaceSchemaLocation="https://maven.apache.org/surefire/maven-surefire-plugin/xsd/surefire-test-report.xsd" version="3.0.2" name="com.upiiz.datos.DatosApplicationTests" time="7.834" tests="1" errors="0" skipped="0" failures="0">
  <properties>
[...]
</properties>
  <testcase name="contextLoads" classname="com.upiiz.datos.DatosApplicationTests" time="1.232">
    <system-out><![CDATA[17:49:19.962 [main] INFO org.springframework.test.context.support.AnnotationConfigContextLoaderUtils -- Could not detect default configuration classes for test class [com.upiiz.datos.DatosApplicationTests]: DatosApplicationTests does not declare any static, non-private, non-final, nested classes annotated with @Configuration.
17:49:22.035 [main] INFO org.springframework.boot.test.context.SpringBootTestContextBootstrapper -- Found @SpringBootConfiguration com.upiiz.datos.DatosApplication for test class com.upiiz.datos.DatosApplicationTests
17:49:22.325 [main] INFO org.springframework.boot.devtools.restart.RestartApplicationListener -- Restart disabled due to context in which it is running

  .   ____          _            __ _ _
 /\\ / ___'_ __ _ _(_)_ __  __ _ \ \ \ \
( ( )\___ | '_ | '_| | '_ \/ _` | \ \ \ \
 \\/  ___)| |_)| | | | | || (_| |  ) ) ) )
  '  |____| .__|_| |_|_| |_\__, | / / / /
 =========|_|==============|___/=/_/_/_/

 :: Spring Boot ::                (v3.4.4)

2025-05-06T17:49:22.707-06:00  INFO 11688 --- [datos] [           main] com.upiiz.datos.DatosApplicationTests    : Starting DatosApplicationTests using Java 17.0.14 with PID 11688 (started by jdmf_ in D:\datos)
2025-05-06T17:49:22.709-06:00  INFO 11688 --- [datos] [           main] com.upiiz.datos.DatosApplicationTests    : No active profile set, falling back to 1 default profile: "default"
2025-05-06T17:49:23.675-06:00  INFO 11688 --- [datos] [           main] .s.d.r.c.RepositoryConfigurationDelegate : Bootstrapping Spring Data JDBC repositories in DEFAULT mode.
2025-05-06T17:49:23.731-06:00  INFO 11688 --- [datos] [           main] .s.d.r.c.RepositoryConfigurationDelegate : Finished Spring Data repository scanning in 46 ms. Found 0 JDBC repository interfaces.
2025-05-06T17:49:25.412-06:00  INFO 11688 --- [datos] [           main] com.zaxxer.hikari.HikariDataSource       : HikariPool-1 - Starting...
2025-05-06T17:49:26.003-06:00  INFO 11688 --- [datos] [           main] com.zaxxer.hikari.pool.HikariPool        : HikariPool-1 - Added connection com.mysql.cj.jdbc.ConnectionImpl@987a0bb
2025-05-06T17:49:26.013-06:00  INFO 11688 --- [datos] [           main] com.zaxxer.hikari.HikariDataSource       : HikariPool-1 - Start completed.
2025-05-06T17:49:26.334-06:00  INFO 11688 --- [datos] [           main] com.upiiz.datos.DatosApplicationTests    : Started DatosApplicationTests in 4.034 seconds (process running for 7.57)
]]></system-out>
  </testcase>
</testsuite>